This file contains any messages produced by compilers while
running configure, to aid debugging if configure makes a mistake.

It was created by configure, which was
generated by GNU Autoconf 2.57.  Invocation command line was

  $ ./configure --disable-shared --enable-static --enable-relocatable --enable-extra-encodings

## --------- ##
## Platform. ##
## --------- ##

hostname = shaulhameed-VirtualBox
uname -m = x86_64
uname -r = 3.8.0-19-generic
uname -s = Linux
uname -v = #29-Ubuntu SMP Wed Apr 17 18:16:28 UTC 2013

/usr/bin/uname -p = unknown
/bin/uname -X     = unknown

/bin/arch              = unknown
/usr/bin/arch -k       = unknown
/usr/convex/getsysinfo = unknown
hostinfo               = unknown
/bin/machine           = unknown
/usr/bin/oslevel       = unknown
/bin/universe          = unknown

PATH: /usr/local/lib/node_modules/npm/bin/node-gyp-bin
PATH: /home/shaulhameed/GEN/node_modules/iconv-jp/node_modules/.bin
PATH: /home/shaulhameed/GEN/node_modules/.bin
PATH: /usr/local/bin
PATH: /usr/lib/lightdm/lightdm
PATH: /usr/local/sbin
PATH: /usr/local/bin
PATH: /usr/sbin
PATH: /usr/bin
PATH: /sbin
PATH: /bin
PATH: /usr/games
PATH: /usr/local/games


## ----------- ##
## Core tests. ##
## ----------- ##

configure:1514: checking for a BSD-compatible install
configure:1568: result: /usr/bin/install -c
configure:1579: checking whether build environment is sane
configure:1622: result: yes
configure:1655: checking for gawk
configure:1684: result: no
configure:1655: checking for mawk
configure:1671: found /usr/bin/mawk
configure:1681: result: mawk
configure:1691: checking whether make sets $(MAKE)
configure:1711: result: yes
configure:1877: checking whether make sets $(MAKE)
configure:1897: result: yes
configure:1957: checking for gcc
configure:1973: found /usr/bin/gcc
configure:1983: result: gcc
configure:2227: checking for C compiler version
configure:2230: gcc --version </dev/null >&5
gcc (Ubuntu/Linaro 4.7.3-1ubuntu1) 4.7.3
Copyright (C) 2012 Free Software Foundation, Inc.
This is free software; see the source for copying conditions.  There is NO
warranty; not even for MERCHANTABILITY or FITNESS FOR A PARTICULAR PURPOSE.

configure:2233: $? = 0
configure:2235: gcc -v </dev/null >&5
Using built-in specs.
COLLECT_GCC=gcc
COLLECT_LTO_WRAPPER=/usr/lib/gcc/x86_64-linux-gnu/4.7/lto-wrapper
Target: x86_64-linux-gnu
Configured with: ../src/configure -v --with-pkgversion='Ubuntu/Linaro 4.7.3-1ubuntu1' --with-bugurl=file:///usr/share/doc/gcc-4.7/README.Bugs --enable-languages=c,c++,go,fortran,objc,obj-c++ --prefix=/usr --program-suffix=-4.7 --enable-shared --enable-linker-build-id --libexecdir=/usr/lib --without-included-gettext --enable-threads=posix --with-gxx-include-dir=/usr/include/c++/4.7 --libdir=/usr/lib --enable-nls --with-sysroot=/ --enable-clocale=gnu --enable-libstdcxx-debug --enable-libstdcxx-time=yes --enable-gnu-unique-object --enable-plugin --with-system-zlib --enable-objc-gc --with-cloog --enable-cloog-backend=ppl --disable-cloog-version-check --disable-ppl-version-check --enable-multiarch --disable-werror --with-arch-32=i686 --with-abi=m64 --with-multilib-list=m32,m64,mx32 --with-tune=generic --enable-checking=release --build=x86_64-linux-gnu --host=x86_64-linux-gnu --target=x86_64-linux-gnu
Thread model: posix
gcc version 4.7.3 (Ubuntu/Linaro 4.7.3-1ubuntu1) 
configure:2238: $? = 0
configure:2240: gcc -V </dev/null >&5
gcc: error: unrecognized command line option '-V'
gcc: fatal error: no input files
compilation terminated.
configure:2243: $? = 4
configure:2267: checking for C compiler default output
configure:2270: gcc    conftest.c  >&5
configure:2273: $? = 0
configure:2319: result: a.out
configure:2324: checking whether the C compiler works
configure:2330: ./a.out
configure:2333: $? = 0
configure:2350: result: yes
configure:2357: checking whether we are cross compiling
configure:2359: result: no
configure:2362: checking for suffix of executables
configure:2364: gcc -o conftest    conftest.c  >&5
configure:2367: $? = 0
configure:2392: result: 
configure:2398: checking for suffix of object files
configure:2420: gcc -c   conftest.c >&5
configure:2423: $? = 0
configure:2445: result: o
configure:2449: checking whether we are using the GNU C compiler
configure:2474: gcc -c   conftest.c >&5
configure:2477: $? = 0
configure:2480: test -s conftest.o
configure:2483: $? = 0
configure:2496: result: yes
configure:2502: checking whether gcc accepts -g
configure:2524: gcc -c -g  conftest.c >&5
configure:2527: $? = 0
configure:2530: test -s conftest.o
configure:2533: $? = 0
configure:2544: result: yes
configure:2561: checking for gcc option to accept ANSI C
configure:2622: gcc  -c -g -O2  conftest.c >&5
configure:2625: $? = 0
configure:2628: test -s conftest.o
configure:2631: $? = 0
configure:2649: result: none needed
configure:2667: gcc -c -g -O2  conftest.c >&5
conftest.c:2:3: error: unknown type name 'choke'
conftest.c:2:3: error: expected '=', ',', ';', 'asm' or '__attribute__' at end of input
configure:2670: $? = 1
configure: failed program was:
| #ifndef __cplusplus
|   choke me
| #endif
configure:2790: checking for style of include used by make
configure:2818: result: GNU
configure:2846: checking dependency style of gcc
configure:2914: result: none
configure:2936: checking how to run the C preprocessor
configure:2972: gcc -E  conftest.c
configure:2978: $? = 0
configure:3010: gcc -E  conftest.c
configure:3011:28: fatal error: ac_nonexistent.h: No such file or directory
compilation terminated.
configure:3016: $? = 1
configure: failed program was:
| #line 3001 "configure"
| /* confdefs.h.  */
| 
| #define PACKAGE_NAME ""
| #define PACKAGE_TARNAME ""
| #define PACKAGE_VERSION ""
| #define PACKAGE_STRING ""
| #define PACKAGE_BUGREPORT ""
| #define PACKAGE "libiconv"
| #define VERSION "1.9"
| /* end confdefs.h.  */
| #include <ac_nonexistent.h>
configure:3054: result: gcc -E
configure:3079: gcc -E  conftest.c
configure:3085: $? = 0
configure:3117: gcc -E  conftest.c
configure:3118:28: fatal error: ac_nonexistent.h: No such file or directory
compilation terminated.
configure:3123: $? = 1
configure: failed program was:
| #line 3108 "configure"
| /* confdefs.h.  */
| 
| #define PACKAGE_NAME ""
| #define PACKAGE_TARNAME ""
| #define PACKAGE_VERSION ""
| #define PACKAGE_STRING ""
| #define PACKAGE_BUGREPORT ""
| #define PACKAGE "libiconv"
| #define VERSION "1.9"
| /* end confdefs.h.  */
| #include <ac_nonexistent.h>
configure:3167: checking for egrep
configure:3177: result: grep -E
configure:3183: checking whether gcc needs -traditional
configure:3227: result: no
configure:3246: checking for a BSD-compatible install
configure:3300: result: /usr/bin/install -c
configure:3319: checking build system type
configure:3337: result: x86_64-unknown-linux-gnu
configure:3345: checking host system type
configure:3359: result: x86_64-unknown-linux-gnu
configure:3393: checking for ld used by GCC
configure:3456: result: /usr/bin/ld
configure:3465: checking if the linker (/usr/bin/ld) is GNU ld
GNU ld (GNU Binutils for Ubuntu) 2.23.2
configure:3477: result: yes
configure:3483: checking for shared library path variable
configure:3496: result: LD_LIBRARY_PATH
configure:3501: checking whether to activate relocatable installation
configure:3516: result: yes
configure:3635: checking for ranlib
configure:3651: found /usr/bin/ranlib
configure:3662: result: ranlib
configure:3674: checking how to copy files
configure:3690: result: cp -p
configure:3694: checking how to make hard links
configure:3710: result: ln
configure:3714: checking whether ln -s works
configure:3718: result: yes
configure:3734: checking for AIX
configure:3757: result: no
configure:3763: checking for ANSI C header files
configure:3789: gcc -c -g -O2  conftest.c >&5
configure:3792: $? = 0
configure:3795: test -s conftest.o
configure:3798: $? = 0
configure:3890: gcc -o conftest -g -O2   conftest.c  >&5
configure: In function 'main':
configure:3889:7: warning: incompatible implicit declaration of built-in function 'exit' [enabled by default]
configure:3893: $? = 0
configure:3895: ./conftest
configure:3898: $? = 0
configure:3913: result: yes
configure:3937: checking for sys/types.h
configure:3954: gcc -c -g -O2  conftest.c >&5
configure:3957: $? = 0
configure:3960: test -s conftest.o
configure:3963: $? = 0
configure:3974: result: yes
configure:3937: checking for sys/stat.h
configure:3954: gcc -c -g -O2  conftest.c >&5
configure:3957: $? = 0
configure:3960: test -s conftest.o
configure:3963: $? = 0
configure:3974: result: yes
configure:3937: checking for stdlib.h
configure:3954: gcc -c -g -O2  conftest.c >&5
configure:3957: $? = 0
configure:3960: test -s conftest.o
configure:3963: $? = 0
configure:3974: result: yes
configure:3937: checking for string.h
configure:3954: gcc -c -g -O2  conftest.c >&5
configure:3957: $? = 0
configure:3960: test -s conftest.o
configure:3963: $? = 0
configure:3974: result: yes
configure:3937: checking for memory.h
configure:3954: gcc -c -g -O2  conftest.c >&5
configure:3957: $? = 0
configure:3960: test -s conftest.o
configure:3963: $? = 0
configure:3974: result: yes
configure:3937: checking for strings.h
configure:3954: gcc -c -g -O2  conftest.c >&5
configure:3957: $? = 0
configure:3960: test -s conftest.o
configure:3963: $? = 0
configure:3974: result: yes
configure:3937: checking for inttypes.h
configure:3954: gcc -c -g -O2  conftest.c >&5
configure:3957: $? = 0
configure:3960: test -s conftest.o
configure:3963: $? = 0
configure:3974: result: yes
configure:3937: checking for stdint.h
configure:3954: gcc -c -g -O2  conftest.c >&5
configure:3957: $? = 0
configure:3960: test -s conftest.o
configure:3963: $? = 0
configure:3974: result: yes
configure:3937: checking for unistd.h
configure:3954: gcc -c -g -O2  conftest.c >&5
configure:3957: $? = 0
configure:3960: test -s conftest.o
configure:3963: $? = 0
configure:3974: result: yes
configure:3996: checking minix/config.h usability
configure:4009: gcc -c -g -O2  conftest.c >&5
configure:4056:26: fatal error: minix/config.h: No such file or directory
compilation terminated.
configure:4012: $? = 1
configure: failed program was:
| #line 3998 "configure"
| /* confdefs.h.  */
| 
| #define PACKAGE_NAME ""
| #define PACKAGE_TARNAME ""
| #define PACKAGE_VERSION ""
| #define PACKAGE_STRING ""
| #define PACKAGE_BUGREPORT ""
| #define PACKAGE "libiconv"
| #define VERSION "1.9"
| #define INSTALLPREFIX "/usr/local"
| #define ENABLE_RELOCATABLE 1
| #define ENABLE_EXTRA 1
| #define _GNU_SOURCE 1
| #define STDC_HEADERS 1
| #define HAVE_SYS_TYPES_H 1
| #define HAVE_SYS_STAT_H 1
| #define HAVE_STDLIB_H 1
| #define HAVE_STRING_H 1
| #define HAVE_MEMORY_H 1
| #define HAVE_STRINGS_H 1
| #define HAVE_INTTYPES_H 1
| #define HAVE_STDINT_H 1
| #define HAVE_UNISTD_H 1
| /* end confdefs.h.  */
| #include <stdio.h>
| #if HAVE_SYS_TYPES_H
| # include <sys/types.h>
| #endif
| #if HAVE_SYS_STAT_H
| # include <sys/stat.h>
| #endif
| #if STDC_HEADERS
| # include <stdlib.h>
| # include <stddef.h>
| #else
| # if HAVE_STDLIB_H
| #  include <stdlib.h>
| # endif
| #endif
| #if HAVE_STRING_H
| # if !STDC_HEADERS && HAVE_MEMORY_H
| #  include <memory.h>
| # endif
| # include <string.h>
| #endif
| #if HAVE_STRINGS_H
| # include <strings.h>
| #endif
| #if HAVE_INTTYPES_H
| # include <inttypes.h>
| #else
| # if HAVE_STDINT_H
| #  include <stdint.h>
| # endif
| #endif
| #if HAVE_UNISTD_H
| # include <unistd.h>
| #endif
| #include <minix/config.h>
configure:4028: result: no
configure:4032: checking minix/config.h presence
configure:4043: gcc -E  conftest.c
configure:4058:26: fatal error: minix/config.h: No such file or directory
compilation terminated.
configure:4049: $? = 1
configure: failed program was:
| #line 4034 "configure"
| /* confdefs.h.  */
| 
| #define PACKAGE_NAME ""
| #define PACKAGE_TARNAME ""
| #define PACKAGE_VERSION ""
| #define PACKAGE_STRING ""
| #define PACKAGE_BUGREPORT ""
| #define PACKAGE "libiconv"
| #define VERSION "1.9"
| #define INSTALLPREFIX "/usr/local"
| #define ENABLE_RELOCATABLE 1
| #define ENABLE_EXTRA 1
| #define _GNU_SOURCE 1
| #define STDC_HEADERS 1
| #define HAVE_SYS_TYPES_H 1
| #define HAVE_SYS_STAT_H 1
| #define HAVE_STDLIB_H 1
| #define HAVE_STRING_H 1
| #define HAVE_MEMORY_H 1
| #define HAVE_STRINGS_H 1
| #define HAVE_INTTYPES_H 1
| #define HAVE_STDINT_H 1
| #define HAVE_UNISTD_H 1
| /* end confdefs.h.  */
| #include <minix/config.h>
configure:4068: result: no
configure:4104: checking for minix/config.h
configure:4111: result: no
configure:4141: checking for strerror in -lcposix
configure:4172: gcc -o conftest -g -O2   conftest.c -lcposix   >&5
/usr/bin/ld: cannot find -lcposix
collect2: error: ld returned 1 exit status
configure:4175: $? = 1
configure: failed program was:
| #line 4148 "configure"
| /* confdefs.h.  */
| 
| #define PACKAGE_NAME ""
| #define PACKAGE_TARNAME ""
| #define PACKAGE_VERSION ""
| #define PACKAGE_STRING ""
| #define PACKAGE_BUGREPORT ""
| #define PACKAGE "libiconv"
| #define VERSION "1.9"
| #define INSTALLPREFIX "/usr/local"
| #define ENABLE_RELOCATABLE 1
| #define ENABLE_EXTRA 1
| #define _GNU_SOURCE 1
| #define STDC_HEADERS 1
| #define HAVE_SYS_TYPES_H 1
| #define HAVE_SYS_STAT_H 1
| #define HAVE_STDLIB_H 1
| #define HAVE_STRING_H 1
| #define HAVE_MEMORY_H 1
| #define HAVE_STRINGS_H 1
| #define HAVE_INTTYPES_H 1
| #define HAVE_STDINT_H 1
| #define HAVE_UNISTD_H 1
| /* end confdefs.h.  */
| 
| /* Override any gcc2 internal prototype to avoid an error.  */
| #ifdef __cplusplus
| extern "C"
| #endif
| /* We use char because int might match the return type of a gcc2
|    builtin and then its argument prototype would still apply.  */
| char strerror ();
| int
| main ()
| {
| strerror ();
|   ;
|   return 0;
| }
configure:4193: result: no
configure:4282: checking for a sed that does not truncate output
configure:4336: result: /bin/sed
configure:4350: checking for ld used by gcc
configure:4417: result: /usr/bin/ld
configure:4426: checking if the linker (/usr/bin/ld) is GNU ld
configure:4441: result: yes
configure:4446: checking for /usr/bin/ld option to reload object files
configure:4453: result: -r
configure:4462: checking for BSD-compatible nm
configure:4504: result: /usr/bin/nm -B
configure:4508: checking how to recognise dependent libraries
configure:4708: result: file_magic ELF [0-9][0-9]*-bit [LM]SB (shared object|dynamic lib )
configure:4790: gcc -c -g -O2  conftest.c >&5
configure:4793: $? = 0
configure:5160: checking dlfcn.h usability
configure:5173: gcc -c -g -O2  conftest.c >&5
configure:5176: $? = 0
configure:5179: test -s conftest.o
configure:5182: $? = 0
configure:5192: result: yes
configure:5196: checking dlfcn.h presence
configure:5207: gcc -E  conftest.c
configure:5213: $? = 0
configure:5232: result: yes
configure:5268: checking for dlfcn.h
configure:5275: result: yes
configure:5340: checking for g++
configure:5356: found /usr/bin/g++
configure:5366: result: g++
configure:5382: checking for C++ compiler version
configure:5385: g++ --version </dev/null >&5
g++ (Ubuntu/Linaro 4.7.3-1ubuntu1) 4.7.3
Copyright (C) 2012 Free Software Foundation, Inc.
This is free software; see the source for copying conditions.  There is NO
warranty; not even for MERCHANTABILITY or FITNESS FOR A PARTICULAR PURPOSE.

configure:5388: $? = 0
configure:5390: g++ -v </dev/null >&5
Using built-in specs.
COLLECT_GCC=g++
COLLECT_LTO_WRAPPER=/usr/lib/gcc/x86_64-linux-gnu/4.7/lto-wrapper
Target: x86_64-linux-gnu
Configured with: ../src/configure -v --with-pkgversion='Ubuntu/Linaro 4.7.3-1ubuntu1' --with-bugurl=file:///usr/share/doc/gcc-4.7/README.Bugs --enable-languages=c,c++,go,fortran,objc,obj-c++ --prefix=/usr --program-suffix=-4.7 --enable-shared --enable-linker-build-id --libexecdir=/usr/lib --without-included-gettext --enable-threads=posix --with-gxx-include-dir=/usr/include/c++/4.7 --libdir=/usr/lib --enable-nls --with-sysroot=/ --enable-clocale=gnu --enable-libstdcxx-debug --enable-libstdcxx-time=yes --enable-gnu-unique-object --enable-plugin --with-system-zlib --enable-objc-gc --with-cloog --enable-cloog-backend=ppl --disable-cloog-version-check --disable-ppl-version-check --enable-multiarch --disable-werror --with-arch-32=i686 --with-abi=m64 --with-multilib-list=m32,m64,mx32 --with-tune=generic --enable-checking=release --build=x86_64-linux-gnu --host=x86_64-linux-gnu --target=x86_64-linux-gnu
Thread model: posix
gcc version 4.7.3 (Ubuntu/Linaro 4.7.3-1ubuntu1) 
configure:5393: $? = 0
configure:5395: g++ -V </dev/null >&5
g++: error: unrecognized command line option '-V'
g++: fatal error: no input files
compilation terminated.
configure:5398: $? = 4
configure:5401: checking whether we are using the GNU C++ compiler
configure:5426: g++ -c   conftest.cc >&5
configure:5429: $? = 0
configure:5432: test -s conftest.o
configure:5435: $? = 0
configure:5448: result: yes
configure:5454: checking whether g++ accepts -g
configure:5476: g++ -c -g  conftest.cc >&5
configure:5479: $? = 0
configure:5482: test -s conftest.o
configure:5485: $? = 0
configure:5496: result: yes
configure:5540: g++ -c -g -O2  conftest.cc >&5
configure:5543: $? = 0
configure:5546: test -s conftest.o
configure:5549: $? = 0
configure:5576: g++ -c -g -O2  conftest.cc >&5
configure: In function 'int main()':
configure:5588:9: error: 'exit' was not declared in this scope
configure:5579: $? = 1
configure: failed program was:
| #line 5559 "configure"
| /* confdefs.h.  */
| 
| #define PACKAGE_NAME ""
| #define PACKAGE_TARNAME ""
| #define PACKAGE_VERSION ""
| #define PACKAGE_STRING ""
| #define PACKAGE_BUGREPORT ""
| #define PACKAGE "libiconv"
| #define VERSION "1.9"
| #define INSTALLPREFIX "/usr/local"
| #define ENABLE_RELOCATABLE 1
| #define ENABLE_EXTRA 1
| #define _GNU_SOURCE 1
| #define STDC_HEADERS 1
| #define HAVE_SYS_TYPES_H 1
| #define HAVE_SYS_STAT_H 1
| #define HAVE_STDLIB_H 1
| #define HAVE_STRING_H 1
| #define HAVE_MEMORY_H 1
| #define HAVE_STRINGS_H 1
| #define HAVE_INTTYPES_H 1
| #define HAVE_STDINT_H 1
| #define HAVE_UNISTD_H 1
| #define HAVE_DLFCN_H 1
| /* end confdefs.h.  */
| 
| int
| main ()
| {
| exit (42);
|   ;
|   return 0;
| }
configure:5540: g++ -c -g -O2  conftest.cc >&5
configure:5543: $? = 0
configure:5546: test -s conftest.o
configure:5549: $? = 0
configure:5576: g++ -c -g -O2  conftest.cc >&5
configure:5579: $? = 0
configure:5582: test -s conftest.o
configure:5585: $? = 0
configure:5610: checking dependency style of g++
configure:5678: result: none
configure:5700: checking how to run the C++ preprocessor
configure:5732: g++ -E  conftest.cc
configure:5738: $? = 0
configure:5770: g++ -E  conftest.cc
configure:5789:28: fatal error: ac_nonexistent.h: No such file or directory
compilation terminated.
configure:5776: $? = 1
configure: failed program was:
| #line 5761 "configure"
| /* confdefs.h.  */
| 
| #define PACKAGE_NAME ""
| #define PACKAGE_TARNAME ""
| #define PACKAGE_VERSION ""
| #define PACKAGE_STRING ""
| #define PACKAGE_BUGREPORT ""
| #define PACKAGE "libiconv"
| #define VERSION "1.9"
| #define INSTALLPREFIX "/usr/local"
| #define ENABLE_RELOCATABLE 1
| #define ENABLE_EXTRA 1
| #define _GNU_SOURCE 1
| #define STDC_HEADERS 1
| #define HAVE_SYS_TYPES_H 1
| #define HAVE_SYS_STAT_H 1
| #define HAVE_STDLIB_H 1
| #define HAVE_STRING_H 1
| #define HAVE_MEMORY_H 1
| #define HAVE_STRINGS_H 1
| #define HAVE_INTTYPES_H 1
| #define HAVE_STDINT_H 1
| #define HAVE_UNISTD_H 1
| #define HAVE_DLFCN_H 1
| #ifdef __cplusplus
| #include <stdlib.h>
| #endif
| /* end confdefs.h.  */
| #include <ac_nonexistent.h>
configure:5814: result: g++ -E
configure:5839: g++ -E  conftest.cc
configure:5845: $? = 0
configure:5877: g++ -E  conftest.cc
configure:5896:28: fatal error: ac_nonexistent.h: No such file or directory
compilation terminated.
configure:5883: $? = 1
configure: failed program was:
| #line 5868 "configure"
| /* confdefs.h.  */
| 
| #define PACKAGE_NAME ""
| #define PACKAGE_TARNAME ""
| #define PACKAGE_VERSION ""
| #define PACKAGE_STRING ""
| #define PACKAGE_BUGREPORT ""
| #define PACKAGE "libiconv"
| #define VERSION "1.9"
| #define INSTALLPREFIX "/usr/local"
| #define ENABLE_RELOCATABLE 1
| #define ENABLE_EXTRA 1
| #define _GNU_SOURCE 1
| #define STDC_HEADERS 1
| #define HAVE_SYS_TYPES_H 1
| #define HAVE_SYS_STAT_H 1
| #define HAVE_STDLIB_H 1
| #define HAVE_STRING_H 1
| #define HAVE_MEMORY_H 1
| #define HAVE_STRINGS_H 1
| #define HAVE_INTTYPES_H 1
| #define HAVE_STDINT_H 1
| #define HAVE_UNISTD_H 1
| #define HAVE_DLFCN_H 1
| #ifdef __cplusplus
| #include <stdlib.h>
| #endif
| /* end confdefs.h.  */
| #include <ac_nonexistent.h>
configure:5977: checking for g77
configure:6006: result: no
configure:5977: checking for f77
configure:6006: result: no
configure:5977: checking for xlf
configure:6006: result: no
configure:5977: checking for frt
configure:6006: result: no
configure:5977: checking for pgf77
configure:6006: result: no
configure:5977: checking for fl32
configure:6006: result: no
configure:5977: checking for af77
configure:6006: result: no
configure:5977: checking for fort77
configure:6006: result: no
configure:5977: checking for f90
configure:6006: result: no
configure:5977: checking for xlf90
configure:6006: result: no
configure:5977: checking for pgf90
configure:6006: result: no
configure:5977: checking for epcf90
configure:6006: result: no
configure:5977: checking for f95
configure:6006: result: no
configure:5977: checking for fort
configure:6006: result: no
configure:5977: checking for xlf95
configure:6006: result: no
configure:5977: checking for lf95
configure:6006: result: no
configure:5977: checking for g95
configure:6006: result: no
configure:6018: checking for Fortran 77 compiler version
configure:6021:  --version </dev/null >&5
./configure: line 6022: --version: command not found
configure:6024: $? = 127
configure:6026:  -v </dev/null >&5
./configure: line 6027: -v: command not found
configure:6029: $? = 127
configure:6031:  -V </dev/null >&5
./configure: line 6032: -V: command not found
configure:6034: $? = 127
configure:6041: checking whether we are using the GNU Fortran 77 compiler
configure:6055:  -c  conftest.F >&5
./configure: line 6056: -c: command not found
configure:6058: $? = 127
configure: failed program was:
|       program main
| #ifndef __GNUC__
|        choke me
| #endif
| 
|       end
configure:6077: result: no
configure:6084: checking whether  accepts -g
configure:6096:  -c -g conftest.f >&5
./configure: line 6097: -c: command not found
configure:6099: $? = 127
configure: failed program was:
|       program main
| 
|       end
configure:6117: result: no
configure:6145: checking the maximum length of command line arguments
configure:6204: result: 32768
configure:6215: checking command to parse /usr/bin/nm -B output from gcc object
configure:6304: gcc -c -g -O2  conftest.c >&5
configure:6307: $? = 0
configure:6311: /usr/bin/nm -B conftest.o \| sed -n -e 's/^.*[ 	]\([ABCDGISTW][ABCDGISTW]*\)[ 	][ 	]*\(\)\([_A-Za-z][_A-Za-z0-9]*\)$/\1 \2\3 \3/p' \> conftest.nm
configure:6314: $? = 0
configure:6366: gcc -o conftest -g -O2   conftest.c conftstm.o >&5
configure:6369: $? = 0
configure:6407: result: ok
configure:6411: checking for objdir
configure:6426: result: .libs
configure:6516: checking for ar
configure:6532: found /usr/bin/ar
configure:6543: result: ar
configure:6596: checking for ranlib
configure:6623: result: ranlib
configure:6676: checking for strip
configure:6692: found /usr/bin/strip
configure:6703: result: strip
configure:6757: checking for file
configure:6810: result: /usr/bin/file
configure:6965: checking if gcc static flag  works
configure:6988: result: yes
configure:7005: checking if gcc supports -fno-rtti -fno-exceptions
configure:7023: gcc -c -g -O2  -fno-rtti -fno-exceptions conftest.c >&5
cc1: warning: command line option '-fno-rtti' is valid for C++/ObjC++ but not for C [enabled by default]
configure:7027: $? = 0
configure:7038: result: no
configure:7053: checking for gcc option to produce PIC
configure:7230: result: -fPIC
configure:7237: checking if gcc PIC flag -fPIC works
configure:7255: gcc -c -g -O2  -fPIC -DPIC conftest.c >&5
configure:7259: $? = 0
configure:7270: result: yes
configure:7294: checking if gcc supports -c -o file.o
configure:7322: gcc -c -g -O2  -o out/conftest2.o conftest.c >&5
configure:7326: $? = 0
configure:7343: result: yes
configure:7369: checking whether the gcc linker (/usr/bin/ld -m elf_x86_64) supports shared libraries
configure:8163: result: yes
configure:8234: checking how to hardcode library paths into programs
configure:8259: result: immediate
configure:8273: checking whether stripping libraries is possible
configure:8278: result: yes
configure:8300: checking dynamic linker characteristics
configure:8823: result: GNU/Linux ld.so
configure:9549: checking if libtool supports shared libraries
configure:9551: result: yes
configure:9554: checking whether to build shared libraries
configure:9603: result: no
configure:9606: checking whether to build static libraries
configure:9610: result: yes
configure:9701: creating libtool
configure:10245: checking for ld used by g++
configure:10312: result: /usr/bin/ld -m elf_x86_64
configure:10321: checking if the linker (/usr/bin/ld -m elf_x86_64) is GNU ld
configure:10336: result: no
configure:10387: checking whether the g++ linker (/usr/bin/ld -m elf_x86_64) supports shared libraries
configure:11182: result: yes
configure:11200: g++ -c -g -O2  conftest.cc >&5
configure:11203: $? = 0
configure:11299: checking for g++ option to produce PIC
configure:11551: result: -fPIC
configure:11558: checking if g++ PIC flag -fPIC works
configure:11576: g++ -c -g -O2  -fPIC -DPIC conftest.cc >&5
configure:11580: $? = 0
configure:11591: result: yes
configure:11615: checking if g++ supports -c -o file.o
configure:11643: g++ -c -g -O2  -o out/conftest2.o conftest.cc >&5
configure:11647: $? = 0
configure:11664: result: yes
configure:11690: checking whether the g++ linker (/usr/bin/ld -m elf_x86_64) supports shared libraries
configure:11715: result: yes
configure:11786: checking how to hardcode library paths into programs
configure:11811: result: immediate
configure:11825: checking whether stripping libraries is possible
configure:11830: result: yes
configure:11852: checking dynamic linker characteristics
configure:12375: result: GNU/Linux ld.so
configure:19281: checking for shared library run path origin
configure:19294: result: done
configure:19724: checking for iconv
configure:19752: gcc -o conftest -g -O2   conftest.c  >&5
configure:19755: $? = 0
configure:19758: test -s conftest
configure:19761: $? = 0
configure:19816: result: yes
configure:19839: checking for iconv declaration
configure:19874: gcc -c -g -O2  conftest.c >&5
configure:19877: $? = 0
configure:19880: test -s conftest.o
configure:19883: $? = 0
configure:19898: result: 
         extern size_t iconv (iconv_t cd, char * *inbuf, size_t *inbytesleft, char * *outbuf, size_t *outbytesleft);
configure:19922: checking whether NLS is requested
configure:19931: result: yes
configure:19969: checking for msgfmt
configure:20003: result: no
configure:20009: checking for gmsgfmt
configure:20040: result: :
configure:20079: checking for xgettext
configure:20113: result: no
configure:20150: checking for msgmerge
configure:20183: result: no
configure:20231: checking whether NLS is requested
configure:20240: result: yes
configure:20258: checking for GNU gettext in libc
configure:20283: gcc -o conftest -g -O2   conftest.c  >&5
configure: In function 'main':
configure:20300:8: warning: cast from pointer to integer of different size [-Wpointer-to-int-cast]
configure:20286: $? = 0
configure:20289: test -s conftest
configure:20292: $? = 0
configure:20303: result: yes
configure:20962: checking whether to use NLS
configure:20964: result: yes
configure:20967: checking where the gettext function comes from
configure:20978: result: libc
configure:21041: checking for ANSI C header files
configure:21191: result: yes
configure:21218: checking locale.h usability
configure:21231: gcc -c -g -O2  conftest.c >&5
configure:21234: $? = 0
configure:21237: test -s conftest.o
configure:21240: $? = 0
configure:21250: result: yes
configure:21254: checking locale.h presence
configure:21265: gcc -E  conftest.c
configure:21271: $? = 0
configure:21290: result: yes
configure:21326: checking for locale.h
configure:21333: result: yes
configure:21218: checking stddef.h usability
configure:21231: gcc -c -g -O2  conftest.c >&5
configure:21234: $? = 0
configure:21237: test -s conftest.o
configure:21240: $? = 0
configure:21250: result: yes
configure:21254: checking stddef.h presence
configure:21265: gcc -E  conftest.c
configure:21271: $? = 0
configure:21290: result: yes
configure:21326: checking for stddef.h
configure:21333: result: yes
configure:21209: checking for stdlib.h
configure:21214: result: yes
configure:21209: checking for string.h
configure:21214: result: yes
configure:21354: checking for stdlib.h
configure:21359: result: yes
configure:21492: checking for mbstate_t
configure:21518: gcc -c -g -O2  conftest.c >&5
configure:21521: $? = 0
configure:21524: test -s conftest.o
configure:21527: $? = 0
configure:21538: result: yes
configure:21564: checking for getc_unlocked
configure:21614: gcc -o conftest -g -O2   conftest.c  >&5
configure:21617: $? = 0
configure:21620: test -s conftest
configure:21623: $? = 0
configure:21634: result: yes
configure:21564: checking for mbrtowc
configure:21614: gcc -o conftest -g -O2   conftest.c  >&5
configure:21617: $? = 0
configure:21620: test -s conftest
configure:21623: $? = 0
configure:21634: result: yes
configure:21564: checking for wcrtomb
configure:21614: gcc -o conftest -g -O2   conftest.c  >&5
configure:21617: $? = 0
configure:21620: test -s conftest
configure:21623: $? = 0
configure:21634: result: yes
configure:21564: checking for mbsinit
configure:21614: gcc -o conftest -g -O2   conftest.c  >&5
configure:21617: $? = 0
configure:21620: test -s conftest
configure:21623: $? = 0
configure:21634: result: yes
configure:21564: checking for setlocale
configure:21614: gcc -o conftest -g -O2   conftest.c  >&5
configure:21617: $? = 0
configure:21620: test -s conftest
configure:21623: $? = 0
configure:21634: result: yes
configure:21648: checking for memmove
configure:21698: gcc -o conftest -g -O2   conftest.c  >&5
configure:21713:6: warning: conflicting types for built-in function 'memmove' [enabled by default]
configure:21701: $? = 0
configure:21704: test -s conftest
configure:21707: $? = 0
configure:21718: result: yes
configure:21733: checking for nl_langinfo and CODESET
configure:21755: gcc -o conftest -g -O2   conftest.c  >&5
configure:21758: $? = 0
configure:21761: test -s conftest
configure:21764: $? = 0
configure:21776: result: yes
configure:21803: checking wchar.h usability
configure:21816: gcc -c -g -O2  conftest.c >&5
configure:21819: $? = 0
configure:21822: test -s conftest.o
configure:21825: $? = 0
configure:21835: result: yes
configure:21839: checking wchar.h presence
configure:21850: gcc -E  conftest.c
configure:21856: $? = 0
configure:21875: result: yes
configure:21911: checking for wchar.h
configure:21918: result: yes
configure:21932: checking for EILSEQ
configure:22321: result: yes
configure:22334: checking byte ordering
configure:22363: gcc -o conftest -g -O2   conftest.c  >&5
configure: In function 'main':
configure:22399:3: warning: incompatible implicit declaration of built-in function 'exit' [enabled by default]
configure:22366: $? = 0
configure:22368: ./conftest
configure:22371: $? = 1
configure: program exited with status 1
configure: failed program was:
| #line 22344 "configure"
| /* confdefs.h.  */
| 
| #define PACKAGE_NAME ""
| #define PACKAGE_TARNAME ""
| #define PACKAGE_VERSION ""
| #define PACKAGE_STRING ""
| #define PACKAGE_BUGREPORT ""
| #define PACKAGE "libiconv"
| #define VERSION "1.9"
| #define INSTALLPREFIX "/usr/local"
| #define ENABLE_RELOCATABLE 1
| #define ENABLE_EXTRA 1
| #define _GNU_SOURCE 1
| #define STDC_HEADERS 1
| #define HAVE_SYS_TYPES_H 1
| #define HAVE_SYS_STAT_H 1
| #define HAVE_STDLIB_H 1
| #define HAVE_STRING_H 1
| #define HAVE_MEMORY_H 1
| #define HAVE_STRINGS_H 1
| #define HAVE_INTTYPES_H 1
| #define HAVE_STDINT_H 1
| #define HAVE_UNISTD_H 1
| #define HAVE_DLFCN_H 1
| #ifdef __cplusplus
| #include <stdlib.h>
| #endif
| #define HAVE_ICONV 1
| #define ICONV_CONST 
| #define ENABLE_NLS 1
| #define HAVE_GETTEXT 1
| #define HAVE_DCGETTEXT 1
| #define STDC_HEADERS 1
| #define HAVE_LOCALE_H 1
| #define HAVE_STDDEF_H 1
| #define HAVE_STDLIB_H 1
| #define HAVE_STRING_H 1
| #define HAVE_STDLIB_H 1
| #define HAVE_GETC_UNLOCKED 1
| #define HAVE_MBRTOWC 1
| #define HAVE_WCRTOMB 1
| #define HAVE_MBSINIT 1
| #define HAVE_SETLOCALE 1
| #define HAVE_MEMMOVE 1
| #define HAVE_LANGINFO_CODESET 1
| #define HAVE_WCHAR_H 1
| /* end confdefs.h.  */
| int main () {
|   /* Are we little or big endian?  From Harbison&Steele.  */
|   union
|   {
|     long l;
|     char c[sizeof (long)];
|   } u;
|   u.l = 1;
|   exit (u.c[0] == 1);
| }
configure:22429: result: little endian
configure:22444: checking for working alloca.h
configure:22466: gcc -o conftest -g -O2   conftest.c  >&5
configure:22469: $? = 0
configure:22472: test -s conftest
configure:22475: $? = 0
configure:22486: result: yes
configure:22496: checking for alloca
configure:22538: gcc -o conftest -g -O2   conftest.c  >&5
configure:22541: $? = 0
configure:22544: test -s conftest
configure:22547: $? = 0
configure:22558: result: yes
configure:22771: checking for stdlib.h
configure:22776: result: yes
configure:22915: checking for string.h
configure:22920: result: yes
configure:23113: checking sys/param.h usability
configure:23126: gcc -c -g -O2  conftest.c >&5
configure:23129: $? = 0
configure:23132: test -s conftest.o
configure:23135: $? = 0
configure:23145: result: yes
configure:23149: checking sys/param.h presence
configure:23160: gcc -E  conftest.c
configure:23166: $? = 0
configure:23185: result: yes
configure:23221: checking for sys/param.h
configure:23228: result: yes
configure:23248: checking for unistd.h
configure:23253: result: yes
configure:23391: checking for canonicalize_file_name
configure:23441: gcc -o conftest -g -O2   conftest.c  >&5
configure:23444: $? = 0
configure:23447: test -s conftest
configure:23450: $? = 0
configure:23461: result: yes
configure:23577: checking whether clearerr_unlocked is declared
configure:23602: gcc -c -g -O2  conftest.c >&5
configure:23605: $? = 0
configure:23608: test -s conftest.o
configure:23611: $? = 0
configure:23622: result: yes
configure:23642: checking whether feof_unlocked is declared
configure:23667: gcc -c -g -O2  conftest.c >&5
configure:23670: $? = 0
configure:23673: test -s conftest.o
configure:23676: $? = 0
configure:23687: result: yes
configure:23707: checking whether ferror_unlocked is declared
configure:23732: gcc -c -g -O2  conftest.c >&5
configure:23735: $? = 0
configure:23738: test -s conftest.o
configure:23741: $? = 0
configure:23752: result: yes
configure:23772: checking whether fflush_unlocked is declared
configure:23797: gcc -c -g -O2  conftest.c >&5
configure:23800: $? = 0
configure:23803: test -s conftest.o
configure:23806: $? = 0
configure:23817: result: yes
configure:23837: checking whether fgets_unlocked is declared
configure:23862: gcc -c -g -O2  conftest.c >&5
configure:23865: $? = 0
configure:23868: test -s conftest.o
configure:23871: $? = 0
configure:23882: result: yes
configure:23902: checking whether fputc_unlocked is declared
configure:23927: gcc -c -g -O2  conftest.c >&5
configure:23930: $? = 0
configure:23933: test -s conftest.o
configure:23936: $? = 0
configure:23947: result: yes
configure:23967: checking whether fputs_unlocked is declared
configure:23992: gcc -c -g -O2  conftest.c >&5
configure:23995: $? = 0
configure:23998: test -s conftest.o
configure:24001: $? = 0
configure:24012: result: yes
configure:24032: checking whether fread_unlocked is declared
configure:24057: gcc -c -g -O2  conftest.c >&5
configure:24060: $? = 0
configure:24063: test -s conftest.o
configure:24066: $? = 0
configure:24077: result: yes
configure:24097: checking whether fwrite_unlocked is declared
configure:24122: gcc -c -g -O2  conftest.c >&5
configure:24125: $? = 0
configure:24128: test -s conftest.o
configure:24131: $? = 0
configure:24142: result: yes
configure:24162: checking whether getc_unlocked is declared
configure:24187: gcc -c -g -O2  conftest.c >&5
configure:24190: $? = 0
configure:24193: test -s conftest.o
configure:24196: $? = 0
configure:24207: result: yes
configure:24227: checking whether getchar_unlocked is declared
configure:24252: gcc -c -g -O2  conftest.c >&5
configure:24255: $? = 0
configure:24258: test -s conftest.o
configure:24261: $? = 0
configure:24272: result: yes
configure:24292: checking whether putc_unlocked is declared
configure:24317: gcc -c -g -O2  conftest.c >&5
configure:24320: $? = 0
configure:24323: test -s conftest.o
configure:24326: $? = 0
configure:24337: result: yes
configure:24357: checking whether putchar_unlocked is declared
configure:24382: gcc -c -g -O2  conftest.c >&5
configure:24385: $? = 0
configure:24388: test -s conftest.o
configure:24391: $? = 0
configure:24402: result: yes
configure:24472: checking for vprintf
configure:24522: gcc -o conftest -g -O2   conftest.c  >&5
configure:24561:6: warning: conflicting types for built-in function 'vprintf' [enabled by default]
configure:24525: $? = 0
configure:24528: test -s conftest
configure:24531: $? = 0
configure:24542: result: yes
configure:24549: checking for _doprnt
configure:24599: gcc -o conftest -g -O2   conftest.c  >&5
/tmp/ccgitrJ5.o:(.data+0x0): undefined reference to `_doprnt'
/tmp/ccgitrJ5.o: In function `main':
/home/shaulhameed/GEN/node_modules/iconv-jp/deps/libiconv-1.9.1/configure:24655: undefined reference to `_doprnt'
collect2: error: ld returned 1 exit status
configure:24602: $? = 1
configure: failed program was:
| #line 24554 "configure"
| /* confdefs.h.  */
| 
| #define PACKAGE_NAME ""
| #define PACKAGE_TARNAME ""
| #define PACKAGE_VERSION ""
| #define PACKAGE_STRING ""
| #define PACKAGE_BUGREPORT ""
| #define PACKAGE "libiconv"
| #define VERSION "1.9"
| #define INSTALLPREFIX "/usr/local"
| #define ENABLE_RELOCATABLE 1
| #define ENABLE_EXTRA 1
| #define _GNU_SOURCE 1
| #define STDC_HEADERS 1
| #define HAVE_SYS_TYPES_H 1
| #define HAVE_SYS_STAT_H 1
| #define HAVE_STDLIB_H 1
| #define HAVE_STRING_H 1
| #define HAVE_MEMORY_H 1
| #define HAVE_STRINGS_H 1
| #define HAVE_INTTYPES_H 1
| #define HAVE_STDINT_H 1
| #define HAVE_UNISTD_H 1
| #define HAVE_DLFCN_H 1
| #ifdef __cplusplus
| #include <stdlib.h>
| #endif
| #define HAVE_ICONV 1
| #define ICONV_CONST 
| #define ENABLE_NLS 1
| #define HAVE_GETTEXT 1
| #define HAVE_DCGETTEXT 1
| #define STDC_HEADERS 1
| #define HAVE_LOCALE_H 1
| #define HAVE_STDDEF_H 1
| #define HAVE_STDLIB_H 1
| #define HAVE_STRING_H 1
| #define HAVE_STDLIB_H 1
| #define HAVE_GETC_UNLOCKED 1
| #define HAVE_MBRTOWC 1
| #define HAVE_WCRTOMB 1
| #define HAVE_MBSINIT 1
| #define HAVE_SETLOCALE 1
| #define HAVE_MEMMOVE 1
| #define HAVE_LANGINFO_CODESET 1
| #define HAVE_WCHAR_H 1
| #define WORDS_LITTLEENDIAN 1
| #define HAVE_ALLOCA_H 1
| #define HAVE_ALLOCA 1
| #define HAVE_STDLIB_H 1
| #define HAVE_STRING_H 1
| #define HAVE_SYS_PARAM_H 1
| #define HAVE_UNISTD_H 1
| #define HAVE_CANONICALIZE_FILE_NAME 1
| #define HAVE_DECL_CLEARERR_UNLOCKED 1
| #define HAVE_DECL_FEOF_UNLOCKED 1
| #define HAVE_DECL_FERROR_UNLOCKED 1
| #define HAVE_DECL_FFLUSH_UNLOCKED 1
| #define HAVE_DECL_FGETS_UNLOCKED 1
| #define HAVE_DECL_FPUTC_UNLOCKED 1
| #define HAVE_DECL_FPUTS_UNLOCKED 1
| #define HAVE_DECL_FREAD_UNLOCKED 1
| #define HAVE_DECL_FWRITE_UNLOCKED 1
| #define HAVE_DECL_GETC_UNLOCKED 1
| #define HAVE_DECL_GETCHAR_UNLOCKED 1
| #define HAVE_DECL_PUTC_UNLOCKED 1
| #define HAVE_DECL_PUTCHAR_UNLOCKED 1
| #define HAVE_VPRINTF 1
| /* end confdefs.h.  */
| /* System header to define __stub macros and hopefully few prototypes,
|     which can conflict with char _doprnt (); below.
|     Prefer <limits.h> to <assert.h> if __STDC__ is defined, since
|     <limits.h> exists even on freestanding compilers.  */
| #ifdef __STDC__
| # include <limits.h>
| #else
| # include <assert.h>
| #endif
| /* Override any gcc2 internal prototype to avoid an error.  */
| #ifdef __cplusplus
| extern "C"
| {
| #endif
| /* We use char because int might match the return type of a gcc2
|    builtin and then its argument prototype would still apply.  */
| char _doprnt ();
| /* The GNU C library defines this for functions which it implements
|     to always fail with ENOSYS.  Some functions are actually named
|     something starting with __ and the normal name is an alias.  */
| #if defined (__stub__doprnt) || defined (__stub____doprnt)
| choke me
| #else
| char (*f) () = _doprnt;
| #endif
| #ifdef __cplusplus
| }
| #endif
| 
| int
| main ()
| {
| return f != _doprnt;
|   ;
|   return 0;
| }
configure:24619: result: no
configure:24634: checking for error_at_line
configure:24656: gcc -o conftest -g -O2   conftest.c  >&5
configure:24659: $? = 0
configure:24662: test -s conftest
configure:24665: $? = 0
configure:24676: result: yes
configure:25109: checking limits.h usability
configure:25122: gcc -c -g -O2  conftest.c >&5
configure:25125: $? = 0
configure:25128: test -s conftest.o
configure:25131: $? = 0
configure:25141: result: yes
configure:25145: checking limits.h presence
configure:25156: gcc -E  conftest.c
configure:25162: $? = 0
configure:25181: result: yes
configure:25217: checking for limits.h
configure:25224: result: yes
configure:25259: checking for setenv
configure:25309: gcc -o conftest -g -O2   conftest.c  >&5
configure:25312: $? = 0
configure:25315: test -s conftest
configure:25318: $? = 0
configure:25329: result: yes
configure:25259: checking for unsetenv
configure:25309: gcc -o conftest -g -O2   conftest.c  >&5
configure:25312: $? = 0
configure:25315: test -s conftest
configure:25318: $? = 0
configure:25329: result: yes
configure:25359: checking search.h usability
configure:25372: gcc -c -g -O2  conftest.c >&5
configure:25375: $? = 0
configure:25378: test -s conftest.o
configure:25381: $? = 0
configure:25391: result: yes
configure:25395: checking search.h presence
configure:25406: gcc -E  conftest.c
configure:25412: $? = 0
configure:25431: result: yes
configure:25467: checking for search.h
configure:25474: result: yes
configure:25350: checking for stdlib.h
configure:25355: result: yes
configure:25350: checking for string.h
configure:25355: result: yes
configure:25350: checking for unistd.h
configure:25355: result: yes
configure:25491: checking for tsearch
configure:25541: gcc -o conftest -g -O2   conftest.c  >&5
configure:25544: $? = 0
configure:25547: test -s conftest
configure:25550: $? = 0
configure:25561: result: yes
configure:25573: checking if errno is properly declared
configure:25597: gcc -c -g -O2  conftest.c >&5
configure:25658:34: error: conflicting types for '__errno_location'
In file included from /usr/include/errno.h:35:0,
                 from configure:25657:
/usr/include/x86_64-linux-gnu/bits/errno.h:50:13: note: previous declaration of '__errno_location' was here
configure:25600: $? = 1
configure: failed program was:
| #line 25579 "configure"
| /* confdefs.h.  */
| 
| #define PACKAGE_NAME ""
| #define PACKAGE_TARNAME ""
| #define PACKAGE_VERSION ""
| #define PACKAGE_STRING ""
| #define PACKAGE_BUGREPORT ""
| #define PACKAGE "libiconv"
| #define VERSION "1.9"
| #define INSTALLPREFIX "/usr/local"
| #define ENABLE_RELOCATABLE 1
| #define ENABLE_EXTRA 1
| #define _GNU_SOURCE 1
| #define STDC_HEADERS 1
| #define HAVE_SYS_TYPES_H 1
| #define HAVE_SYS_STAT_H 1
| #define HAVE_STDLIB_H 1
| #define HAVE_STRING_H 1
| #define HAVE_MEMORY_H 1
| #define HAVE_STRINGS_H 1
| #define HAVE_INTTYPES_H 1
| #define HAVE_STDINT_H 1
| #define HAVE_UNISTD_H 1
| #define HAVE_DLFCN_H 1
| #ifdef __cplusplus
| #include <stdlib.h>
| #endif
| #define HAVE_ICONV 1
| #define ICONV_CONST 
| #define ENABLE_NLS 1
| #define HAVE_GETTEXT 1
| #define HAVE_DCGETTEXT 1
| #define STDC_HEADERS 1
| #define HAVE_LOCALE_H 1
| #define HAVE_STDDEF_H 1
| #define HAVE_STDLIB_H 1
| #define HAVE_STRING_H 1
| #define HAVE_STDLIB_H 1
| #define HAVE_GETC_UNLOCKED 1
| #define HAVE_MBRTOWC 1
| #define HAVE_WCRTOMB 1
| #define HAVE_MBSINIT 1
| #define HAVE_SETLOCALE 1
| #define HAVE_MEMMOVE 1
| #define HAVE_LANGINFO_CODESET 1
| #define HAVE_WCHAR_H 1
| #define WORDS_LITTLEENDIAN 1
| #define HAVE_ALLOCA_H 1
| #define HAVE_ALLOCA 1
| #define HAVE_STDLIB_H 1
| #define HAVE_STRING_H 1
| #define HAVE_SYS_PARAM_H 1
| #define HAVE_UNISTD_H 1
| #define HAVE_CANONICALIZE_FILE_NAME 1
| #define HAVE_DECL_CLEARERR_UNLOCKED 1
| #define HAVE_DECL_FEOF_UNLOCKED 1
| #define HAVE_DECL_FERROR_UNLOCKED 1
| #define HAVE_DECL_FFLUSH_UNLOCKED 1
| #define HAVE_DECL_FGETS_UNLOCKED 1
| #define HAVE_DECL_FPUTC_UNLOCKED 1
| #define HAVE_DECL_FPUTS_UNLOCKED 1
| #define HAVE_DECL_FREAD_UNLOCKED 1
| #define HAVE_DECL_FWRITE_UNLOCKED 1
| #define HAVE_DECL_GETC_UNLOCKED 1
| #define HAVE_DECL_GETCHAR_UNLOCKED 1
| #define HAVE_DECL_PUTC_UNLOCKED 1
| #define HAVE_DECL_PUTCHAR_UNLOCKED 1
| #define HAVE_VPRINTF 1
| #define HAVE_ERROR_AT_LINE 1
| #define HAVE_LIMITS_H 1
| #define HAVE_SETENV 1
| #define HAVE_UNSETENV 1
| #define HAVE_SEARCH_H 1
| #define HAVE_STDLIB_H 1
| #define HAVE_STRING_H 1
| #define HAVE_UNISTD_H 1
| #define HAVE_TSEARCH 1
| /* end confdefs.h.  */
| #include <errno.h>
|       extern struct { int foo; } errno;
| int
| main ()
| {
| errno.foo = 1;
|   ;
|   return 0;
| }
configure:25618: result: yes
configure:25630: checking if environ is properly declared
configure:25654: gcc -c -g -O2  conftest.c >&5
configure:25716:34: error: conflicting types for 'environ'
In file included from configure:25715:0:
/usr/include/unistd.h:545:15: note: previous declaration of 'environ' was here
configure:25657: $? = 1
configure: failed program was:
| #line 25636 "configure"
| /* confdefs.h.  */
| 
| #define PACKAGE_NAME ""
| #define PACKAGE_TARNAME ""
| #define PACKAGE_VERSION ""
| #define PACKAGE_STRING ""
| #define PACKAGE_BUGREPORT ""
| #define PACKAGE "libiconv"
| #define VERSION "1.9"
| #define INSTALLPREFIX "/usr/local"
| #define ENABLE_RELOCATABLE 1
| #define ENABLE_EXTRA 1
| #define _GNU_SOURCE 1
| #define STDC_HEADERS 1
| #define HAVE_SYS_TYPES_H 1
| #define HAVE_SYS_STAT_H 1
| #define HAVE_STDLIB_H 1
| #define HAVE_STRING_H 1
| #define HAVE_MEMORY_H 1
| #define HAVE_STRINGS_H 1
| #define HAVE_INTTYPES_H 1
| #define HAVE_STDINT_H 1
| #define HAVE_UNISTD_H 1
| #define HAVE_DLFCN_H 1
| #ifdef __cplusplus
| #include <stdlib.h>
| #endif
| #define HAVE_ICONV 1
| #define ICONV_CONST 
| #define ENABLE_NLS 1
| #define HAVE_GETTEXT 1
| #define HAVE_DCGETTEXT 1
| #define STDC_HEADERS 1
| #define HAVE_LOCALE_H 1
| #define HAVE_STDDEF_H 1
| #define HAVE_STDLIB_H 1
| #define HAVE_STRING_H 1
| #define HAVE_STDLIB_H 1
| #define HAVE_GETC_UNLOCKED 1
| #define HAVE_MBRTOWC 1
| #define HAVE_WCRTOMB 1
| #define HAVE_MBSINIT 1
| #define HAVE_SETLOCALE 1
| #define HAVE_MEMMOVE 1
| #define HAVE_LANGINFO_CODESET 1
| #define HAVE_WCHAR_H 1
| #define WORDS_LITTLEENDIAN 1
| #define HAVE_ALLOCA_H 1
| #define HAVE_ALLOCA 1
| #define HAVE_STDLIB_H 1
| #define HAVE_STRING_H 1
| #define HAVE_SYS_PARAM_H 1
| #define HAVE_UNISTD_H 1
| #define HAVE_CANONICALIZE_FILE_NAME 1
| #define HAVE_DECL_CLEARERR_UNLOCKED 1
| #define HAVE_DECL_FEOF_UNLOCKED 1
| #define HAVE_DECL_FERROR_UNLOCKED 1
| #define HAVE_DECL_FFLUSH_UNLOCKED 1
| #define HAVE_DECL_FGETS_UNLOCKED 1
| #define HAVE_DECL_FPUTC_UNLOCKED 1
| #define HAVE_DECL_FPUTS_UNLOCKED 1
| #define HAVE_DECL_FREAD_UNLOCKED 1
| #define HAVE_DECL_FWRITE_UNLOCKED 1
| #define HAVE_DECL_GETC_UNLOCKED 1
| #define HAVE_DECL_GETCHAR_UNLOCKED 1
| #define HAVE_DECL_PUTC_UNLOCKED 1
| #define HAVE_DECL_PUTCHAR_UNLOCKED 1
| #define HAVE_VPRINTF 1
| #define HAVE_ERROR_AT_LINE 1
| #define HAVE_LIMITS_H 1
| #define HAVE_SETENV 1
| #define HAVE_UNSETENV 1
| #define HAVE_SEARCH_H 1
| #define HAVE_STDLIB_H 1
| #define HAVE_STRING_H 1
| #define HAVE_UNISTD_H 1
| #define HAVE_TSEARCH 1
| #define HAVE_ERRNO_DECL 1
| /* end confdefs.h.  */
| #include <unistd.h>
|       extern struct { int foo; } environ;
| int
| main ()
| {
| environ.foo = 1;
|   ;
|   return 0;
| }
configure:25675: result: yes
configure:25686: checking for stdbool.h
configure:25720: gcc -c -g -O2  conftest.c >&5
configure:25723: $? = 0
configure:25726: test -s conftest.o
configure:25729: $? = 0
configure:25741: result: yes
configure:25812: checking for strerror
configure:25862: gcc -o conftest -g -O2   conftest.c  >&5
configure:25865: $? = 0
configure:25868: test -s conftest
configure:25871: $? = 0
configure:25882: result: yes
configure:25907: checking for sys/types.h
configure:25912: result: yes
configure:26213: creating ./config.status

## ---------------------- ##
## Running config.status. ##
## ---------------------- ##

This file was extended by config.status, which was
generated by GNU Autoconf 2.57.  Invocation command line was

  CONFIG_FILES    = 
  CONFIG_HEADERS  = 
  CONFIG_LINKS    = 
  CONFIG_COMMANDS = 
  $ ./config.status 

on shaulhameed-VirtualBox

config.status:728: creating Makefile
config.status:728: creating lib/Makefile
config.status:728: creating srclib/Makefile
config.status:728: creating src/Makefile
config.status:728: creating po/Makefile.in
config.status:728: creating man/Makefile
config.status:728: creating tests/Makefile
config.status:728: creating include/iconv.h
config.status:832: creating config.h
config.status:832: creating lib/config.h
config.status:1215: executing depfiles commands
config.status:1215: executing default-1 commands
configure:27631: configuring in libcharset
configure:27715: running /bin/bash './configure' --prefix=/usr/local  '--disable-shared' '--enable-static' '--enable-relocatable' '--enable-extra-encodings' --cache-file=/dev/null --srcdir=.

## ---------------- ##
## Cache variables. ##
## ---------------- ##

ac_cv_build=x86_64-unknown-linux-gnu
ac_cv_build_alias=x86_64-unknown-linux-gnu
ac_cv_c_compiler_gnu=yes
ac_cv_cxx_compiler_gnu=yes
ac_cv_decl_EILSEQ=yes
ac_cv_env_CC_set=
ac_cv_env_CC_value=
ac_cv_env_CFLAGS_set=
ac_cv_env_CFLAGS_value=
ac_cv_env_CPPFLAGS_set=
ac_cv_env_CPPFLAGS_value=
ac_cv_env_CPP_set=
ac_cv_env_CPP_value=
ac_cv_env_CXXCPP_set=
ac_cv_env_CXXCPP_value=
ac_cv_env_CXXFLAGS_set=
ac_cv_env_CXXFLAGS_value=
ac_cv_env_CXX_set=
ac_cv_env_CXX_value=
ac_cv_env_F77_set=
ac_cv_env_F77_value=
ac_cv_env_FFLAGS_set=
ac_cv_env_FFLAGS_value=
ac_cv_env_LDFLAGS_set=
ac_cv_env_LDFLAGS_value=
ac_cv_env_build_alias_set=
ac_cv_env_build_alias_value=
ac_cv_env_host_alias_set=
ac_cv_env_host_alias_value=
ac_cv_env_target_alias_set=
ac_cv_env_target_alias_value=
ac_cv_exeext=
ac_cv_f77_compiler_gnu=no
ac_cv_func__doprnt=no
ac_cv_func_alloca_works=yes
ac_cv_func_canonicalize_file_name=yes
ac_cv_func_getc_unlocked=yes
ac_cv_func_mbrtowc=yes
ac_cv_func_mbsinit=yes
ac_cv_func_memmove=yes
ac_cv_func_setenv=yes
ac_cv_func_setlocale=yes
ac_cv_func_strerror=yes
ac_cv_func_tsearch=yes
ac_cv_func_unsetenv=yes
ac_cv_func_vprintf=yes
ac_cv_func_wcrtomb=yes
ac_cv_have_decl_clearerr_unlocked=yes
ac_cv_have_decl_feof_unlocked=yes
ac_cv_have_decl_ferror_unlocked=yes
ac_cv_have_decl_fflush_unlocked=yes
ac_cv_have_decl_fgets_unlocked=yes
ac_cv_have_decl_fputc_unlocked=yes
ac_cv_have_decl_fputs_unlocked=yes
ac_cv_have_decl_fread_unlocked=yes
ac_cv_have_decl_fwrite_unlocked=yes
ac_cv_have_decl_getc_unlocked=yes
ac_cv_have_decl_getchar_unlocked=yes
ac_cv_have_decl_putc_unlocked=yes
ac_cv_have_decl_putchar_unlocked=yes
ac_cv_header_dlfcn_h=yes
ac_cv_header_inttypes_h=yes
ac_cv_header_limits_h=yes
ac_cv_header_locale_h=yes
ac_cv_header_memory_h=yes
ac_cv_header_minix_config_h=no
ac_cv_header_search_h=yes
ac_cv_header_stdc=yes
ac_cv_header_stddef_h=yes
ac_cv_header_stdint_h=yes
ac_cv_header_stdlib_h=yes
ac_cv_header_string_h=yes
ac_cv_header_strings_h=yes
ac_cv_header_sys_param_h=yes
ac_cv_header_sys_stat_h=yes
ac_cv_header_sys_types_h=yes
ac_cv_header_unistd_h=yes
ac_cv_header_wchar_h=yes
ac_cv_host=x86_64-unknown-linux-gnu
ac_cv_host_alias=x86_64-unknown-linux-gnu
ac_cv_lib_cposix_strerror=no
ac_cv_objext=o
ac_cv_path_GMSGFMT=:
ac_cv_path_MSGFMT=:
ac_cv_path_MSGMERGE=:
ac_cv_path_XGETTEXT=:
ac_cv_path_install='/usr/bin/install -c'
ac_cv_prog_AWK=mawk
ac_cv_prog_CPP='gcc -E'
ac_cv_prog_CXXCPP='g++ -E'
ac_cv_prog_ac_ct_AR=ar
ac_cv_prog_ac_ct_CC=gcc
ac_cv_prog_ac_ct_CXX=g++
ac_cv_prog_ac_ct_RANLIB=ranlib
ac_cv_prog_ac_ct_STRIP=strip
ac_cv_prog_cc_g=yes
ac_cv_prog_cc_stdc=
ac_cv_prog_cxx_g=yes
ac_cv_prog_egrep='grep -E'
ac_cv_prog_f77_g=no
ac_cv_prog_gcc_traditional=no
ac_cv_prog_make_make_set=yes
ac_cv_type_mbstate_t=yes
ac_cv_working_alloca_h=yes
acl_cv_hardcode_direct=no
acl_cv_hardcode_libdir_flag_spec='${wl}-rpath ${wl}$libdir'
acl_cv_hardcode_libdir_separator=
acl_cv_hardcode_minus_L=no
acl_cv_libext=a
acl_cv_libpath=LD_LIBRARY_PATH
acl_cv_path_LD=/usr/bin/ld
acl_cv_prog_gnu_ld=yes
acl_cv_rpath=done
acl_cv_shlibext=so
acl_cv_shlibpath_var=LD_LIBRARY_PATH
acl_cv_wl=-Wl,
am_cv_CC_dependencies_compiler_type=none
am_cv_CXX_dependencies_compiler_type=none
am_cv_func_iconv=yes
am_cv_langinfo_codeset=yes
am_cv_lib_error_at_line=yes
am_cv_lib_iconv=no
am_cv_proto_iconv='extern size_t iconv (iconv_t cd, char * *inbuf, size_t *inbytesleft, char * *outbuf, size_t *outbytesleft);'
am_cv_proto_iconv_arg1=
cl_cv_prog_LN=ln
cl_cv_prog_cp='cp -p'
cl_cv_sys_endian='little endian'
gt_cv_func_gnugettext1_libc=yes
gt_cv_header_stdbool_h=yes
gt_cv_var_environ_declaration=yes
gt_cv_var_errno_declaration=yes
lt_cv_deplibs_check_method='file_magic ELF [0-9][0-9]*-bit [LM]SB (shared object|dynamic lib )'
lt_cv_file_magic_cmd='$MAGIC_CMD'
lt_cv_file_magic_test_file='/lib/libc.so* /lib/libc-*.so'
lt_cv_ld_reload_flag=-r
lt_cv_objdir=.libs
lt_cv_path_LD=/usr/bin/ld
lt_cv_path_LDCXX='/usr/bin/ld -m elf_x86_64'
lt_cv_path_MAGIC_CMD=/usr/bin/file
lt_cv_path_NM='/usr/bin/nm -B'
lt_cv_path_SED=/bin/sed
lt_cv_prog_compiler_c_o=yes
lt_cv_prog_compiler_c_o_CXX=yes
lt_cv_prog_compiler_rtti_exceptions=no
lt_cv_prog_gnu_ld=yes
lt_cv_prog_gnu_ldcxx=no
lt_cv_sys_global_symbol_pipe='sed -n -e '\''s/^.*[ 	]\([ABCDGISTW][ABCDGISTW]*\)[ 	][ 	]*\(\)\([_A-Za-z][_A-Za-z0-9]*\)$/\1 \2\3 \3/p'\'''
lt_cv_sys_global_symbol_to_c_name_address='sed -n -e '\''s/^: \([^ ]*\) $/  {\"\1\", (lt_ptr) 0},/p'\'' -e '\''s/^[BCDEGRST] \([^ ]*\) \([^ ]*\)$/  {"\2", (lt_ptr) \&\2},/p'\'''
lt_cv_sys_global_symbol_to_cdecl='sed -n -e '\''s/^. .* \(.*\)$/extern int \1;/p'\'''
lt_cv_sys_max_cmd_len=32768
lt_lt_cv_prog_compiler_c_o='"yes"'
lt_lt_cv_prog_compiler_c_o_CXX='"yes"'
lt_lt_cv_sys_global_symbol_pipe='"sed -n -e '\''s/^.*[ 	]\\([ABCDGISTW][ABCDGISTW]*\\)[ 	][ 	]*\\(\\)\\([_A-Za-z][_A-Za-z0-9]*\\)\$/\\1 \\2\\3 \\3/p'\''"'
lt_lt_cv_sys_global_symbol_to_c_name_address='"sed -n -e '\''s/^: \\([^ ]*\\) \$/  {\\\"\\1\\\", (lt_ptr) 0},/p'\'' -e '\''s/^[BCDEGRST] \\([^ ]*\\) \\([^ ]*\\)\$/  {\"\\2\", (lt_ptr) \\&\\2},/p'\''"'
lt_lt_cv_sys_global_symbol_to_cdecl='"sed -n -e '\''s/^. .* \\(.*\\)\$/extern int \\1;/p'\''"'

## ----------------- ##
## Output variables. ##
## ----------------- ##

ACLOCAL='${SHELL} /home/shaulhameed/GEN/node_modules/iconv-jp/deps/libiconv-1.9.1/autoconf/missing --run aclocal-1.7'
ALLOCA=''
ALLOCA_H='alloca.h'
AMDEPBACKSLASH='\'
AMDEP_FALSE='#'
AMDEP_TRUE=''
AMTAR='${SHELL} /home/shaulhameed/GEN/node_modules/iconv-jp/deps/libiconv-1.9.1/autoconf/missing --run tar'
AR='ar'
AS='as'
AUTOCONF='${SHELL} /home/shaulhameed/GEN/node_modules/iconv-jp/deps/libiconv-1.9.1/autoconf/missing --run autoconf'
AUTOHEADER='${SHELL} /home/shaulhameed/GEN/node_modules/iconv-jp/deps/libiconv-1.9.1/autoconf/missing --run autoheader'
AUTOMAKE='${SHELL} /home/shaulhameed/GEN/node_modules/iconv-jp/deps/libiconv-1.9.1/autoconf/missing --run automake-1.7'
AWK='mawk'
CC='gcc'
CCDEPMODE='depmode=none'
CFLAGS='-g -O2'
CP='cp -p'
CPP='gcc -E'
CPPFLAGS=''
CXX='g++'
CXXCPP='g++ -E'
CXXDEPMODE='depmode=none'
CXXFLAGS='-g -O2'
CYGPATH_W='echo'
DEFS='-DHAVE_CONFIG_H'
DEPDIR='.deps'
DLLTOOL='dlltool'
ECHO='echo'
ECHO_C=''
ECHO_N='-n'
ECHO_T=''
EGREP='grep -E'
EILSEQ=''
EXEEXT=''
F77=''
FFLAGS=''
GCC='yes'
GMSGFMT=':'
HAVE__BOOL=''
ICONV_CONST=''
INSTALL_DATA='${INSTALL} -m 644'
INSTALL_PROGRAM='${INSTALL}'
INSTALL_SCRIPT='${INSTALL}'
INSTALL_STRIP_PROGRAM='${SHELL} $(install_sh) -c -s'
INTLLIBS=''
LDFLAGS=''
LIBICONV=''
LIBINTL=''
LIBOBJS=' relocatable$U.o'
LIBS=''
LIBTOOL='$(SHELL) $(top_builddir)/libtool'
LN='ln'
LN_S='ln -s'
LTLIBICONV=''
LTLIBINTL=''
LTLIBOBJS=' relocatable$U.lo'
MAKEINFO='${SHELL} /home/shaulhameed/GEN/node_modules/iconv-jp/deps/libiconv-1.9.1/autoconf/missing --run makeinfo'
MKINSTALLDIRS='$(top_builddir)/autoconf/mkinstalldirs'
MSGFMT=':'
MSGMERGE=':'
OBJDUMP='objdump'
OBJEXT='o'
OS='linux'
PACKAGE='libiconv'
PACKAGE_BUGREPORT=''
PACKAGE_NAME=''
PACKAGE_STRING=''
PACKAGE_TARNAME=''
PACKAGE_VERSION=''
PATH_SEPARATOR=':'
PLUGLIB='libiconv_plug.so'
POSUB='po'
RANLIB='ranlib'
RELOCATABLE='yes'
RELOCATABLE_VIA_LD_FALSE='#'
RELOCATABLE_VIA_LD_TRUE=''
SET_MAKE=''
SET_RELOCATABLE='RELOCATABLE_LDFLAGS = "$(top_builddir)/autoconf/reloc-ldflags" "@host@" "$(RELOCATABLE_LIBRARY_PATH)"'
SHELL='/bin/bash'
STDBOOL_H=''
STRIP='strip'
USE_EXTRA_ENCODINGS='yes'
USE_NLS='yes'
VERSION='1.9'
XGETTEXT=':'
ac_ct_AR='ar'
ac_ct_AS=''
ac_ct_CC='gcc'
ac_ct_CXX='g++'
ac_ct_DLLTOOL=''
ac_ct_F77=''
ac_ct_OBJDUMP=''
ac_ct_RANLIB='ranlib'
ac_ct_STRIP='strip'
am__fastdepCC_FALSE=''
am__fastdepCC_TRUE='#'
am__fastdepCXX_FALSE=''
am__fastdepCXX_TRUE='#'
am__include='include'
am__leading_dot='.'
am__quote=''
bindir='${exec_prefix}/bin'
build='x86_64-unknown-linux-gnu'
build_alias=''
build_cpu='x86_64'
build_os='linux-gnu'
build_vendor='unknown'
datadir='${prefix}/share'
exec_prefix='${prefix}'
host='x86_64-unknown-linux-gnu'
host_alias=''
host_cpu='x86_64'
host_os='linux-gnu'
host_vendor='unknown'
includedir='${prefix}/include'
infodir='${prefix}/info'
install_sh='/home/shaulhameed/GEN/node_modules/iconv-jp/deps/libiconv-1.9.1/autoconf/install-sh'
libdir='${exec_prefix}/lib'
libexecdir='${exec_prefix}/libexec'
localstatedir='${prefix}/var'
mandir='${datadir}/man'
oldincludedir='/usr/include'
prefix='/usr/local'
program_transform_name='s,x,x,'
sbindir='${exec_prefix}/sbin'
sharedstatedir='${prefix}/com'
subdirs=' libcharset'
sysconfdir='${prefix}/etc'
target_alias=''

## ----------- ##
## confdefs.h. ##
## ----------- ##

#define ENABLE_EXTRA 1
#define ENABLE_NLS 1
#define ENABLE_RELOCATABLE 1
#define HAVE_ALLOCA 1
#define HAVE_ALLOCA_H 1
#define HAVE_CANONICALIZE_FILE_NAME 1
#define HAVE_DCGETTEXT 1
#define HAVE_DECL_CLEARERR_UNLOCKED 1
#define HAVE_DECL_FEOF_UNLOCKED 1
#define HAVE_DECL_FERROR_UNLOCKED 1
#define HAVE_DECL_FFLUSH_UNLOCKED 1
#define HAVE_DECL_FGETS_UNLOCKED 1
#define HAVE_DECL_FPUTC_UNLOCKED 1
#define HAVE_DECL_FPUTS_UNLOCKED 1
#define HAVE_DECL_FREAD_UNLOCKED 1
#define HAVE_DECL_FWRITE_UNLOCKED 1
#define HAVE_DECL_GETCHAR_UNLOCKED 1
#define HAVE_DECL_GETC_UNLOCKED 1
#define HAVE_DECL_PUTCHAR_UNLOCKED 1
#define HAVE_DECL_PUTC_UNLOCKED 1
#define HAVE_DLFCN_H 1
#define HAVE_ENVIRON_DECL 1
#define HAVE_ERRNO_DECL 1
#define HAVE_ERROR_AT_LINE 1
#define HAVE_GETC_UNLOCKED 1
#define HAVE_GETTEXT 1
#define HAVE_ICONV 1
#define HAVE_INTTYPES_H 1
#define HAVE_LANGINFO_CODESET 1
#define HAVE_LIMITS_H 1
#define HAVE_LOCALE_H 1
#define HAVE_MBRTOWC 1
#define HAVE_MBSINIT 1
#define HAVE_MEMMOVE 1
#define HAVE_MEMORY_H 1
#define HAVE_SEARCH_H 1
#define HAVE_SETENV 1
#define HAVE_SETLOCALE 1
#define HAVE_STDBOOL_H 1
#define HAVE_STDDEF_H 1
#define HAVE_STDINT_H 1
#define HAVE_STDLIB_H 1
#define HAVE_STDLIB_H 1
#define HAVE_STDLIB_H 1
#define HAVE_STDLIB_H 1
#define HAVE_STDLIB_H 1
#define HAVE_STRERROR 1
#define HAVE_STRINGS_H 1
#define HAVE_STRING_H 1
#define HAVE_STRING_H 1
#define HAVE_STRING_H 1
#define HAVE_STRING_H 1
#define HAVE_SYS_PARAM_H 1
#define HAVE_SYS_STAT_H 1
#define HAVE_SYS_TYPES_H 1
#define HAVE_SYS_TYPES_H 1
#define HAVE_TSEARCH 1
#define HAVE_UNISTD_H 1
#define HAVE_UNISTD_H 1
#define HAVE_UNISTD_H 1
#define HAVE_UNSETENV 1
#define HAVE_VPRINTF 1
#define HAVE_WCHAR_H 1
#define HAVE_WCRTOMB 1
#define ICONV_CONST 
#define INSTALLPREFIX "/usr/local"
#define PACKAGE "libiconv"
#define PACKAGE_BUGREPORT ""
#define PACKAGE_NAME ""
#define PACKAGE_STRING ""
#define PACKAGE_TARNAME ""
#define PACKAGE_VERSION ""
#define STDC_HEADERS 1
#define STDC_HEADERS 1
#define VERSION "1.9"
#define WORDS_LITTLEENDIAN 1
#define _GNU_SOURCE 1
#endif
#ifdef __cplusplus
#include <stdlib.h>

configure: exit 0
